p:\c++ app\novomatic_zadanie\novomatic_zadanie\release\vc142.pdb
p:\c++ app\novomatic_zadanie\novomatic_zadanie\release\trianglecollision.obj
p:\c++ app\novomatic_zadanie\novomatic_zadanie\release\testing_1.obj
p:\c++ app\novomatic_zadanie\novomatic_zadanie\release\zad2.obj
p:\c++ app\novomatic_zadanie\novomatic_zadanie\release\section.obj
p:\c++ app\novomatic_zadanie\novomatic_zadanie\release\test3.obj
p:\c++ app\novomatic_zadanie\novomatic_zadanie\release\vertexrectangle.obj
p:\c++ app\novomatic_zadanie\novomatic_zadanie\release\rectanglecirclecollision.obj
p:\c++ app\novomatic_zadanie\novomatic_zadanie\release\zad1.obj
p:\c++ app\novomatic_zadanie\novomatic_zadanie\release\zad3.obj
p:\c++ app\novomatic_zadanie\novomatic_zadanie\release\main.obj
p:\c++ app\novomatic_zadanie\release\novomatic_zadanie.exe
p:\c++ app\novomatic_zadanie\release\novomatic_zadanie.pdb
p:\c++ app\novomatic_zadanie\release\novomatic_zadanie.ipdb
p:\c++ app\novomatic_zadanie\release\novomatic_zadanie.iobj
p:\c++ app\novomatic_zadanie\novomatic_zadanie\release\novomatic_zadanie.obj
p:\c++ app\novomatic_zadanie\novomatic_zadanie\release\testing.obj
p:\c++ app\novomatic_zadanie\novomatic_zadanie\release\novomati.7bf28796.tlog\cl.command.1.tlog
p:\c++ app\novomatic_zadanie\novomatic_zadanie\release\novomati.7bf28796.tlog\cl.read.1.tlog
p:\c++ app\novomatic_zadanie\novomatic_zadanie\release\novomati.7bf28796.tlog\cl.write.1.tlog
p:\c++ app\novomatic_zadanie\novomatic_zadanie\release\novomati.7bf28796.tlog\link.command.1.tlog
p:\c++ app\novomatic_zadanie\novomatic_zadanie\release\novomati.7bf28796.tlog\link.read.1.tlog
p:\c++ app\novomatic_zadanie\novomatic_zadanie\release\novomati.7bf28796.tlog\link.write.1.tlog
p:\c++ app\novomatic_zadanie\novomatic_zadanie\release\novomati.7bf28796.tlog\novomatic_zadanie.write.1u.tlog
