p:\c++ app\novomatic_zadanie\novomatic_zadanie\debug\vc142.pdb
p:\c++ app\novomatic_zadanie\novomatic_zadanie\debug\vc142.idb
p:\c++ app\novomatic_zadanie\novomatic_zadanie\debug\zad3.obj
p:\c++ app\novomatic_zadanie\novomatic_zadanie\debug\zad2.obj
p:\c++ app\novomatic_zadanie\novomatic_zadanie\debug\vertexrectangle.obj
p:\c++ app\novomatic_zadanie\novomatic_zadanie\debug\trianglecollision.obj
p:\c++ app\novomatic_zadanie\novomatic_zadanie\debug\zad1.obj
p:\c++ app\novomatic_zadanie\novomatic_zadanie\debug\section.obj
p:\c++ app\novomatic_zadanie\novomatic_zadanie\debug\rectanglecirclecollision.obj
p:\c++ app\novomatic_zadanie\novomatic_zadanie\debug\main.obj
p:\c++ app\novomatic_zadanie\debug\novomatic_zadanie.pdb
p:\c++ app\novomatic_zadanie\novomatic_zadanie\debug\novomati.7bf28796.tlog\cl.command.1.tlog
p:\c++ app\novomatic_zadanie\novomatic_zadanie\debug\novomati.7bf28796.tlog\cl.read.1.tlog
p:\c++ app\novomatic_zadanie\novomatic_zadanie\debug\novomati.7bf28796.tlog\cl.write.1.tlog
p:\c++ app\novomatic_zadanie\novomatic_zadanie\debug\novomati.7bf28796.tlog\link-cvtres.read.1.tlog
p:\c++ app\novomatic_zadanie\novomatic_zadanie\debug\novomati.7bf28796.tlog\link-cvtres.write.1.tlog
p:\c++ app\novomatic_zadanie\novomatic_zadanie\debug\novomati.7bf28796.tlog\link-rc.read.1.tlog
p:\c++ app\novomatic_zadanie\novomatic_zadanie\debug\novomati.7bf28796.tlog\link-rc.write.1.tlog
p:\c++ app\novomatic_zadanie\novomatic_zadanie\debug\novomati.7bf28796.tlog\link.12620-cvtres.read.1.tlog
p:\c++ app\novomatic_zadanie\novomatic_zadanie\debug\novomati.7bf28796.tlog\link.12620-cvtres.write.1.tlog
p:\c++ app\novomatic_zadanie\novomatic_zadanie\debug\novomati.7bf28796.tlog\link.12620-rc.read.1.tlog
p:\c++ app\novomatic_zadanie\novomatic_zadanie\debug\novomati.7bf28796.tlog\link.12620-rc.write.1.tlog
p:\c++ app\novomatic_zadanie\novomatic_zadanie\debug\novomati.7bf28796.tlog\link.12620.read.1.tlog
p:\c++ app\novomatic_zadanie\novomatic_zadanie\debug\novomati.7bf28796.tlog\link.12620.write.1.tlog
p:\c++ app\novomatic_zadanie\novomatic_zadanie\debug\novomati.7bf28796.tlog\link.command.1.tlog
p:\c++ app\novomatic_zadanie\novomatic_zadanie\debug\novomati.7bf28796.tlog\link.read.1.tlog
p:\c++ app\novomatic_zadanie\novomatic_zadanie\debug\novomati.7bf28796.tlog\link.write.1.tlog
